# JRE version: OpenJDK Runtime Environment (11.0.15) (build 11.0.15+0-b2043.56-9505619)
# Java VM: OpenJDK 64-Bit Server VM (11.0.15+0-b2043.56-9505619, mixed mode, tiered, compressed oops, g1 gc, windows-amd64)
Heap:
 garbage-first heap   total 877568K, used 265119K [0x0000000080000000, 0x0000000100000000)
  region size 1024K, 7 young (7168K), 7 survivors (7168K)
 Metaspace       used 133948K, capacity 137820K, committed 139132K, reserved 1169408K
  class space    used 16866K, capacity 18295K, committed 18892K, reserved 1048576K
GC Heap History (20 events):
Event: 435.529 GC heap after
{Heap after GC invocations=202 (full 0):
 garbage-first heap   total 264192K, used 230509K [0x0000000080000000, 0x0000000100000000)
  region size 1024K, 2 young (2048K), 2 survivors (2048K)
 Metaspace       used 127589K, capacity 131135K, committed 131452K, reserved 1163264K
  class space    used 15888K, capacity 17186K, committed 17356K, reserved 1048576K
}
Event: 435.548 GC heap before
{Heap before GC invocations=202 (full 0):
 garbage-first heap   total 264192K, used 240749K [0x0000000080000000, 0x0000000100000000)
  region size 1024K, 12 young (12288K), 2 survivors (2048K)
 Metaspace       used 127946K, capacity 131519K, committed 131964K, reserved 1163264K
  class space    used 15937K, capacity 17250K, committed 17356K, reserved 1048576K
}
Event: 435.551 GC heap after
{Heap after GC invocations=203 (full 0):
 garbage-first heap   total 264192K, used 232391K [0x0000000080000000, 0x0000000100000000)
  region size 1024K, 2 young (2048K), 2 survivors (2048K)
 Metaspace       used 127946K, capacity 131519K, committed 131964K, reserved 1163264K
  class space    used 15937K, capacity 17250K, committed 17356K, reserved 1048576K
}
Event: 435.567 GC heap before
{Heap before GC invocations=204 (full 0):
 garbage-first heap   total 264192K, used 242631K [0x0000000080000000, 0x0000000100000000)
  region size 1024K, 12 young (12288K), 2 survivors (2048K)
 Metaspace       used 128183K, capacity 131757K, committed 131964K, reserved 1163264K
  class space    used 15961K, capacity 17265K, committed 17356K, reserved 1048576K
}
Event: 435.570 GC heap after
{Heap after GC invocations=205 (full 0):
 garbage-first heap   total 264192K, used 234385K [0x0000000080000000, 0x0000000100000000)
  region size 1024K, 2 young (2048K), 2 survivors (2048K)
 Metaspace       used 128183K, capacity 131757K, committed 131964K, reserved 1163264K
  class space    used 15961K, capacity 17265K, committed 17356K, reserved 1048576K
}
Event: 435.586 GC heap before
{Heap before GC invocations=205 (full 0):
 garbage-first heap   total 264192K, used 243601K [0x0000000080000000, 0x0000000100000000)
  region size 1024K, 12 young (12288K), 2 survivors (2048K)
 Metaspace       used 128411K, capacity 131949K, committed 132220K, reserved 1165312K
  class space    used 15969K, capacity 17265K, committed 17356K, reserved 1048576K
}
Event: 435.590 GC heap after
{Heap after GC invocations=206 (full 0):
 garbage-first heap   total 264192K, used 233463K [0x0000000080000000, 0x0000000100000000)
  region size 1024K, 2 young (2048K), 2 survivors (2048K)
 Metaspace       used 128411K, capacity 131949K, committed 132220K, reserved 1165312K
  class space    used 15969K, capacity 17265K, committed 17356K, reserved 1048576K
}
Event: 435.601 GC heap before
{Heap before GC invocations=206 (full 0):
 garbage-first heap   total 264192K, used 243703K [0x0000000080000000, 0x0000000100000000)
  region size 1024K, 12 young (12288K), 2 survivors (2048K)
 Metaspace       used 128618K, capacity 132303K, committed 132604K, reserved 1165312K
  class space    used 16046K, capacity 17405K, committed 17484K, reserved 1048576K
}
Event: 435.605 GC heap after
{Heap after GC invocations=207 (full 0):
 garbage-first heap   total 264192K, used 235385K [0x0000000080000000, 0x0000000100000000)
  region size 1024K, 2 young (2048K), 2 survivors (2048K)
 Metaspace       used 128618K, capacity 132303K, committed 132604K, reserved 1165312K
  class space    used 16046K, capacity 17405K, committed 17484K, reserved 1048576K
}
Event: 435.628 GC heap before
{Heap before GC invocations=207 (full 0):
 garbage-first heap   total 264192K, used 245625K [0x0000000080000000, 0x0000000100000000)
  region size 1024K, 12 young (12288K), 2 survivors (2048K)
 Metaspace       used 129032K, capacity 132909K, committed 133116K, reserved 1165312K
  class space    used 16201K, capacity 17685K, committed 17740K, reserved 1048576K
}
Event: 435.630 GC heap after
{Heap after GC invocations=208 (full 0):
 garbage-first heap   total 264192K, used 237148K [0x0000000080000000, 0x0000000100000000)
  region size 1024K, 2 young (2048K), 2 survivors (2048K)
 Metaspace       used 129032K, capacity 132909K, committed 133116K, reserved 1165312K
  class space    used 16201K, capacity 17685K, committed 17740K, reserved 1048576K
}
Event: 435.671 GC heap before
{Heap before GC invocations=208 (full 0):
 garbage-first heap   total 264192K, used 247388K [0x0000000080000000, 0x0000000100000000)
  region size 1024K, 12 young (12288K), 2 survivors (2048K)
 Metaspace       used 129510K, capacity 133517K, committed 133756K, reserved 1165312K
  class space    used 16285K, capacity 17827K, committed 17868K, reserved 1048576K
}
Event: 435.677 GC heap after
{Heap after GC invocations=209 (full 0):
 garbage-first heap   total 411648K, used 238744K [0x0000000080000000, 0x0000000100000000)
  region size 1024K, 2 young (2048K), 2 survivors (2048K)
 Metaspace       used 129510K, capacity 133517K, committed 133756K, reserved 1165312K
  class space    used 16285K, capacity 17827K, committed 17868K, reserved 1048576K
}
Event: 435.919 GC heap before
{Heap before GC invocations=210 (full 0):
 garbage-first heap   total 411648K, used 290968K [0x0000000080000000, 0x0000000100000000)
  region size 1024K, 54 young (55296K), 2 survivors (2048K)
 Metaspace       used 130890K, capacity 134807K, committed 135036K, reserved 1167360K
  class space    used 16504K, capacity 18024K, committed 18124K, reserved 1048576K
}
Event: 435.940 GC heap after
{Heap after GC invocations=211 (full 0):
 garbage-first heap   total 411648K, used 246523K [0x0000000080000000, 0x0000000100000000)
  region size 1024K, 7 young (7168K), 7 survivors (7168K)
 Metaspace       used 130890K, capacity 134807K, committed 135036K, reserved 1167360K
  class space    used 16504K, capacity 18024K, committed 18124K, reserved 1048576K
}
Event: 436.052 GC heap before
{Heap before GC invocations=211 (full 0):
 garbage-first heap   total 411648K, used 300795K [0x0000000080000000, 0x0000000100000000)
  region size 1024K, 61 young (62464K), 7 survivors (7168K)
 Metaspace       used 132966K, capacity 137107K, committed 137340K, reserved 1167360K
  class space    used 16896K, capacity 18501K, committed 18636K, reserved 1048576K
}
Event: 436.060 GC heap after
{Heap after GC invocations=212 (full 0):
 garbage-first heap   total 411648K, used 256155K [0x0000000080000000, 0x0000000100000000)
  region size 1024K, 8 young (8192K), 8 survivors (8192K)
 Metaspace       used 132966K, capacity 137107K, committed 137340K, reserved 1167360K
  class space    used 16896K, capacity 18501K, committed 18636K, reserved 1048576K
}
Event: 436.144 GC heap before
{Heap before GC invocations=212 (full 0):
 garbage-first heap   total 411648K, used 310427K [0x0000000080000000, 0x0000000100000000)
  region size 1024K, 62 young (63488K), 8 survivors (8192K)
 Metaspace       used 134256K, capacity 138515K, committed 138748K, reserved 1169408K
  class space    used 17092K, capacity 18739K, committed 18764K, reserved 1048576K
}
Event: 436.150 GC heap after
{Heap after GC invocations=213 (full 0):
 garbage-first heap   total 411648K, used 260506K [0x0000000080000000, 0x0000000100000000)
  region size 1024K, 7 young (7168K), 7 survivors (7168K)
 Metaspace       used 134256K, capacity 138515K, committed 138748K, reserved 1169408K
  class space    used 17092K, capacity 18739K, committed 18764K, reserved 1048576K
}
Event: 436.304 GC heap before
{Heap before GC invocations=213 (full 0):
 garbage-first heap   total 411648K, used 315802K [0x0000000080000000, 0x0000000100000000)
  region size 1024K, 62 young (63488K), 7 survivors (7168K)
 Metaspace       used 133948K, capacity 137820K, committed 139132K, reserved 1169408K
  class space    used 16866K, capacity 18295K, committed 18892K, reserved 1048576K
}

